<?xml version="1.0" encoding="UTF-8" ?>
<testsuite errors="1" failures="0" hostname="sajid-pc" name="mypackage.deccan" skipped="0" tests="1" time="52.777" timestamp="2015-11-24T14:11:20">
  <properties>
    <property name="java.vendor" value="Oracle Corporation" />
    <property name="env.USERDOMAIN_ROAMINGPROFILE" value="SAJID-PC" />
    <property name="sun.java.launcher" value="SUN_STANDARD" />
    <property name="sun.management.compiler" value="HotSpot 64-Bit Tiered Compilers" />
    <property name="env.PROMPT" value="$P$G" />
    <property name="env.JUNIT_HOME" value="C:\Program Files\Java\Junit" />
    <property name="os.name" value="Windows 8.1" />
    <property name="env.FP_NO_HOST_CHECK" value="NO" />
    <property name="sun.boot.class.path" value="C:\Program Files\Java\jdk1.8.0_65\jre\lib\resources.jar;C:\Program Files\Java\jdk1.8.0_65\jre\lib\rt.jar;C:\Program Files\Java\jdk1.8.0_65\jre\lib\sunrsasign.jar;C:\Program Files\Java\jdk1.8.0_65\jre\lib\jsse.jar;C:\Program Files\Java\jdk1.8.0_65\jre\lib\jce.jar;C:\Program Files\Java\jdk1.8.0_65\jre\lib\charsets.jar;C:\Program Files\Java\jdk1.8.0_65\jre\lib\jfr.jar;C:\Program Files\Java\jdk1.8.0_65\jre\classes" />
    <property name="env.COMPUTERNAME" value="SAJID-PC" />
    <property name="env.CommonProgramW6432" value="C:\Program Files\Common Files" />
    <property name="env.ALLUSERSPROFILE" value="C:\ProgramData" />
    <property name="sun.desktop" value="windows" />
    <property name="java.vm.specification.vendor" value="Oracle Corporation" />
    <property name="ant.home" value="C:\Ant\apache-ant-1.9.6\bin\.." />
    <property name="java.runtime.version" value="1.8.0_65-b17" />
    <property name="env.HOMEPATH" value="\Users\Sajid" />
    <property name="user.name" value="Sajid" />
    <property name="user.language" value="en" />
    <property name="sun.boot.library.path" value="C:\Program Files\Java\jdk1.8.0_65\jre\bin" />
    <property name="ant.project.default-target" value="build" />
    <property name="ant.project.name" value="myproject" />
    <property name="java.version" value="1.8.0_65" />
    <property name="env.PROCESSOR_IDENTIFIER" value="Intel64 Family 6 Model 69 Stepping 1, GenuineIntel" />
    <property name="user.timezone" value="" />
    <property name="env.asl.log" value="Destination=file" />
    <property name="env.TEMP" value="C:\windows\TEMP" />
    <property name="sun.arch.data.model" value="64" />
    <property name="java.endorsed.dirs" value="C:\Program Files\Java\jdk1.8.0_65\jre\lib\endorsed" />
    <property name="env._JAVACMD" value="C:\Program Files\Java\jdk1.8.0_65\bin\java.exe" />
    <property name="sun.cpu.isalist" value="amd64" />
    <property name="env.HOMEDRIVE" value="C:" />
    <property name="sun.jnu.encoding" value="Cp1252" />
    <property name="file.encoding.pkg" value="sun.io" />
    <property name="ECLIPSE_HOME" value="../../eclipse/jee-mars/eclipse/" />
    <property name="file.separator" value="\" />
    <property name="java.specification.name" value="Java Platform API Specification" />
    <property name="java.class.version" value="52.0" />
    <property name="user.country" value="US" />
    <property name="java.home" value="C:\Program Files\Java\jdk1.8.0_65\jre" />
    <property name="env.PSModulePath" value="C:\windows\system32\WindowsPowerShell\v1.0\Modules\" />
    <property name="env.APPDATA" value="C:\Users\Sajid\AppData\Roaming" />
    <property name="env.PUBLIC" value="C:\Users\Public" />
    <property name="java.vm.info" value="mixed mode" />
    <property name="env.ComSpec" value="C:\windows\system32\cmd.exe" />
    <property name="env.OS" value="Windows_NT" />
    <property name="env.CommonProgramFiles" value="C:\Program Files\Common Files" />
    <property name="ant.file" value="C:\Users\Sajid\workspace\myproject\build.xml" />
    <property name="os.version" value="6.3" />
    <property name="env.ProgramW6432" value="C:\Program Files" />
    <property name="env._USE_CLASSPATH" value="yes" />
    <property name="path.separator" value=";" />
    <property name="java.vm.version" value="25.65-b01" />
    <property name="user.variant" value="" />
    <property name="env.USERPROFILE" value="C:\Users\Sajid" />
    <property name="ant.library.dir" value="C:\Ant\apache-ant-1.9.6\lib" />
    <property name="junit.output.dir" value="junit" />
    <property name="env.JAVA_HOME" value="C:\Program Files\Java\jdk1.8.0_65" />
    <property name="java.awt.printerjob" value="sun.awt.windows.WPrinterJob" />
    <property name="env.TMP" value="C:\Users\Sajid\AppData\Local\Temp" />
    <property name="sun.io.unicode.encoding" value="UnicodeLittle" />
    <property name="awt.toolkit" value="sun.awt.windows.WToolkit" />
    <property name="sun.stdout.encoding" value="cp437" />
    <property name="user.script" value="" />
    <property name="user.home" value="C:\Users\Sajid" />
    <property name="target" value="1.8" />
    <property name="env.ProgramData" value="C:\ProgramData" />
    <property name="env.SESSIONNAME" value="Console" />
    <property name="env.ProgramFiles(x86)" value="C:\Program Files (x86)" />
    <property name="java.specification.vendor" value="Oracle Corporation" />
    <property name="env.CLASSPATH" value="C:\Program Files\Java\jdk1.8.0_65\lib;C:\Program Files\Java\Junit;C:\Ant\apache-ant-1.9.6\bin" />
    <property name="java.vendor.url" value="http://java.oracle.com/" />
    <property name="java.library.path" value="C:\Program Files\Java\jdk1.8.0_65\jre\bin;C:\windows\Sun\Java\bin;C:\windows\system32;C:\windows;C:\ProgramData\Oracle\Java\javapath;C:\windows\system32;C:\windows;C:\windows\System32\Wbem;C:\windows\System32\WindowsPowerShell\v1.0\;C:\Program Files (x86)\Skype\Phone\;C:\Program Files\Java\jdk1.8.0_65\bin;C:\Ant\apache-ant-1.9.6\bin;." />
    <property name="env.NUMBER_OF_PROCESSORS" value="4" />
    <property name="ant.file.myproject" value="C:\Users\Sajid\workspace\myproject\build.xml" />
    <property name="java.vm.vendor" value="Oracle Corporation" />
    <property name="java.runtime.name" value="Java(TM) SE Runtime Environment" />
    <property name="ant.version" value="Apache Ant(TM) version 1.9.6 compiled on June 29 2015" />
    <property name="sun.java.command" value="org.apache.tools.ant.taskdefs.optional.junit.JUnitTestRunner mypackage.deccan skipNonTests=false filtertrace=true haltOnError=false haltOnFailure=false formatter=org.apache.tools.ant.taskdefs.optional.junit.OutErrSummaryJUnitResultFormatter showoutput=false outputtoformatters=true logfailedtests=true threadid=0 logtestlistenerevents=false formatter=org.apache.tools.ant.taskdefs.optional.junit.XMLJUnitResultFormatter,C:\Users\Sajid\workspace\myproject\junit\TEST-mypackage.deccan.xml crashfile=C:\Users\Sajid\workspace\myproject\junitvmwatcher700502610145362250.properties propsfile=C:\Users\Sajid\workspace\myproject\junit5903787451439245005.properties" />
    <property name="java.class.path" value="C:\Users\Sajid\workspace\myproject\bin;C:\SeliniumClient\selenium-java-2.48.2\selenium-2.48.2\libs\apache-mime4j-0.6.jar;C:\SeliniumClient\selenium-java-2.48.2\selenium-2.48.2\libs\bsh-2.0b4.jar;C:\SeliniumClient\selenium-java-2.48.2\selenium-2.48.2\libs\cglib-nodep-2.1_3.jar;C:\SeliniumClient\selenium-java-2.48.2\selenium-2.48.2\libs\commons-codec-1.10.jar;C:\SeliniumClient\selenium-java-2.48.2\selenium-2.48.2\libs\commons-collections-3.2.1.jar;C:\SeliniumClient\selenium-java-2.48.2\selenium-2.48.2\libs\commons-el-1.0.jar;C:\SeliniumClient\selenium-java-2.48.2\selenium-2.48.2\libs\commons-exec-1.3.jar;C:\SeliniumClient\selenium-java-2.48.2\selenium-2.48.2\libs\commons-io-2.4.jar;C:\SeliniumClient\selenium-java-2.48.2\selenium-2.48.2\libs\commons-lang3-3.4.jar;C:\SeliniumClient\selenium-java-2.48.2\selenium-2.48.2\libs\commons-logging-1.2.jar;C:\SeliniumClient\selenium-java-2.48.2\selenium-2.48.2\libs\cssparser-0.9.16.jar;C:\SeliniumClient\selenium-java-2.48.2\selenium-2.48.2\libs\gson-2.3.1.jar;C:\SeliniumClient\selenium-java-2.48.2\selenium-2.48.2\libs\guava-18.0.jar;C:\SeliniumClient\selenium-java-2.48.2\selenium-2.48.2\libs\hamcrest-core-1.3.jar;C:\SeliniumClient\selenium-java-2.48.2\selenium-2.48.2\libs\hamcrest-library-1.3.jar;C:\SeliniumClient\selenium-java-2.48.2\selenium-2.48.2\libs\htmlunit-2.18.jar;C:\SeliniumClient\selenium-java-2.48.2\selenium-2.48.2\libs\htmlunit-core-js-2.17.jar;C:\SeliniumClient\selenium-java-2.48.2\selenium-2.48.2\libs\httpclient-4.5.1.jar;C:\SeliniumClient\selenium-java-2.48.2\selenium-2.48.2\libs\httpcore-4.4.3.jar;C:\SeliniumClient\selenium-java-2.48.2\selenium-2.48.2\libs\httpmime-4.5.jar;C:\SeliniumClient\selenium-java-2.48.2\selenium-2.48.2\libs\jasper-compiler-5.5.15.jar;C:\SeliniumClient\selenium-java-2.48.2\selenium-2.48.2\libs\jasper-compiler-jdt-5.5.15.jar;C:\SeliniumClient\selenium-java-2.48.2\selenium-2.48.2\libs\jasper-runtime-5.5.15.jar;C:\SeliniumClient\selenium-java-2.48.2\selenium-2.48.2\libs\javax.servlet-api-3.1.0.jar;C:\SeliniumClient\selenium-java-2.48.2\selenium-2.48.2\libs\jcommander-1.48.jar;C:\SeliniumClient\selenium-java-2.48.2\selenium-2.48.2\libs\jetty-continuation-9.2.13.v20150730.jar;C:\SeliniumClient\selenium-java-2.48.2\selenium-2.48.2\libs\jetty-http-9.2.13.v20150730.jar;C:\SeliniumClient\selenium-java-2.48.2\selenium-2.48.2\libs\jetty-io-9.2.13.v20150730.jar;C:\SeliniumClient\selenium-java-2.48.2\selenium-2.48.2\libs\jetty-jmx-9.2.13.v20150730.jar;C:\SeliniumClient\selenium-java-2.48.2\selenium-2.48.2\libs\jetty-security-9.2.13.v20150730.jar;C:\SeliniumClient\selenium-java-2.48.2\selenium-2.48.2\libs\jetty-server-9.2.13.v20150730.jar;C:\SeliniumClient\selenium-java-2.48.2\selenium-2.48.2\libs\jetty-servlet-9.2.13.v20150730.jar;C:\SeliniumClient\selenium-java-2.48.2\selenium-2.48.2\libs\jetty-servlets-9.2.13.v20150730.jar;C:\SeliniumClient\selenium-java-2.48.2\selenium-2.48.2\libs\jetty-util-9.2.13.v20150730.jar;C:\SeliniumClient\selenium-java-2.48.2\selenium-2.48.2\libs\jna-4.1.0.jar;C:\SeliniumClient\selenium-java-2.48.2\selenium-2.48.2\libs\jna-platform-4.1.0.jar;C:\SeliniumClient\selenium-java-2.48.2\selenium-2.48.2\libs\jsp-api-2.0.jar;C:\SeliniumClient\selenium-java-2.48.2\selenium-2.48.2\libs\junit-4.12.jar;C:\SeliniumClient\selenium-java-2.48.2\selenium-2.48.2\libs\nekohtml-1.9.22.jar;C:\SeliniumClient\selenium-java-2.48.2\selenium-2.48.2\libs\netty-3.5.7.Final.jar;C:\SeliniumClient\selenium-java-2.48.2\selenium-2.48.2\libs\phantomjsdriver-1.2.1.jar;C:\SeliniumClient\selenium-java-2.48.2\selenium-2.48.2\libs\sac-1.3.jar;C:\SeliniumClient\selenium-java-2.48.2\selenium-2.48.2\libs\serializer-2.7.2.jar;C:\SeliniumClient\selenium-java-2.48.2\selenium-2.48.2\libs\testng-6.9.6.jar;C:\SeliniumClient\selenium-java-2.48.2\selenium-2.48.2\libs\websocket-api-9.2.13.v20150730.jar;C:\SeliniumClient\selenium-java-2.48.2\selenium-2.48.2\libs\websocket-client-9.2.13.v20150730.jar;C:\SeliniumClient\selenium-java-2.48.2\selenium-2.48.2\libs\websocket-common-9.2.13.v20150730.jar;C:\SeliniumClient\selenium-java-2.48.2\selenium-2.48.2\libs\xalan-2.7.2.jar;C:\SeliniumClient\selenium-java-2.48.2\selenium-2.48.2\libs\xercesImpl-2.11.0.jar;C:\SeliniumClient\selenium-java-2.48.2\selenium-2.48.2\libs\xml-apis-1.4.01.jar;C:\SeliniumClient\selenium-java-2.48.2\selenium-2.48.2\selenium-java-2.48.2.jar;C:\SeliniumClient\selenium-java-2.48.2\selenium-2.48.2\selenium-java-2.48.2-srcs.jar;C:\Program Files\Java\jdk1.8.0_65\lib;C:\Program Files\Java\Junit;C:\Ant\apache-ant-1.9.6\bin;C:\Ant\apache-ant-1.9.6\lib\ant-launcher.jar;C:\Ant\apache-ant-1.9.6\lib\ant.jar;C:\Ant\apache-ant-1.9.6\lib\ant-junit.jar;C:\Ant\apache-ant-1.9.6\lib\ant-junit4.jar" />
    <property name="java.vm.specification.name" value="Java Virtual Machine Specification" />
    <property name="ant.file.type" value="file" />
    <property name="env.LOGONSERVER" value="\\MicrosoftAccount" />
    <property name="env.windir" value="C:\windows" />
    <property name="env.PROCESSOR_ARCHITECTURE" value="AMD64" />
    <property name="java.vm.specification.version" value="1.8" />
    <property name="sun.os.patch.level" value="" />
    <property name="sun.cpu.endian" value="little" />
    <property name="debuglevel" value="source,lines,vars" />
    <property name="env.ProgramFiles" value="C:\Program Files" />
    <property name="env.ANT_HOME" value="C:\Ant\apache-ant-1.9.6\bin\.." />
    <property name="env.PROCESSOR_REVISION" value="4501" />
    <property name="java.io.tmpdir" value="C:\Users\Sajid\AppData\Local\Temp\" />
    <property name="env.CommonProgramFiles(x86)" value="C:\Program Files (x86)\Common Files" />
    <property name="java.vendor.url.bug" value="http://bugreport.sun.com/bugreport/" />
    <property name="env.SystemRoot" value="C:\windows" />
    <property name="java.awt.graphicsenv" value="sun.awt.Win32GraphicsEnvironment" />
    <property name="os.arch" value="amd64" />
    <property name="env.ANT_CMD_LINE_ARGS" value=" deccan" />
    <property name="java.ext.dirs" value="C:\Program Files\Java\jdk1.8.0_65\jre\lib\ext;C:\windows\Sun\Java\lib\ext" />
    <property name="ant.file.type.myproject" value="file" />
    <property name="user.dir" value="C:\Users\Sajid\workspace\myproject" />
    <property name="env.LOCALAPPDATA" value="C:\Users\Sajid\AppData\Local" />
    <property name="line.separator" value="&#xd;&#xa;" />
    <property name="java.vm.name" value="Java HotSpot(TM) 64-Bit Server VM" />
    <property name="env.PATHEXT" value=".COM;.EXE;.BAT;.CMD;.VBS;.VBE;.JS;.JSE;.WSF;.WSH;.MSC" />
    <property name="env.Path" value="C:\ProgramData\Oracle\Java\javapath;C:\windows\system32;C:\windows;C:\windows\System32\Wbem;C:\windows\System32\WindowsPowerShell\v1.0\;C:\Program Files (x86)\Skype\Phone\;C:\Program Files\Java\jdk1.8.0_65\bin;C:\Ant\apache-ant-1.9.6\bin" />
    <property name="basedir" value="C:\Users\Sajid\workspace\myproject" />
    <property name="ant.java.version" value="1.8" />
    <property name="ant.core.lib" value="C:\Ant\apache-ant-1.9.6\lib\ant.jar" />
    <property name="env.USERNAME" value="Sajid" />
    <property name="source" value="1.8" />
    <property name="env.SystemDrive" value="C:" />
    <property name="file.encoding" value="Cp1252" />
    <property name="sun.stderr.encoding" value="cp437" />
    <property name="env.USERDOMAIN" value="SAJID-PC" />
    <property name="java.specification.version" value="1.8" />
    <property name="env.=C:" value="C:\Users\Sajid\workspace\myproject" />
    <property name="ant.project.invoked-targets" value="deccan" />
    <property name="env.PROCESSOR_LEVEL" value="6" />
  </properties>
  <testcase classname="mypackage.deccan" name="testDeccan" time="52.569">
    <error message="Unable to locate element: {&quot;method&quot;:&quot;link text&quot;,&quot;selector&quot;:&quot;Home&quot;}&#xa;Command duration or timeout: 30.97 seconds&#xa;For documentation on this error, please visit: http://seleniumhq.org/exceptions/no_such_element.html&#xa;Build info: version: &apos;2.48.2&apos;, revision: &apos;41bccdd&apos;, time: &apos;2015-10-09 19:55:52&apos;&#xa;System info: host: &apos;sajid-pc&apos;, ip: &apos;10.251.81.98&apos;, os.name: &apos;Windows 8.1&apos;, os.arch: &apos;amd64&apos;, os.version: &apos;6.3&apos;, java.version: &apos;1.8.0_65&apos;&#xa;Driver info: org.openqa.selenium.firefox.FirefoxDriver&#xa;Capabilities [{applicationCacheEnabled=true, rotatable=false, handlesAlerts=true, databaseEnabled=true, version=42.0, platform=WINDOWS, nativeEvents=false, acceptSslCerts=true, webStorageEnabled=true, locationContextEnabled=true, browserName=firefox, takesScreenshot=true, javascriptEnabled=true, cssSelectorsEnabled=true}]&#xa;Session ID: ac6ffd5f-937b-4979-83d6-e5d637da8f1a&#xa;*** Element info: {Using=link text, value=Home}" type="org.openqa.selenium.NoSuchElementException">org.openqa.selenium.NoSuchElementException: Unable to locate element: {&quot;method&quot;:&quot;link text&quot;,&quot;selector&quot;:&quot;Home&quot;}
Command duration or timeout: 30.97 seconds
For documentation on this error, please visit: http://seleniumhq.org/exceptions/no_such_element.html
Build info: version: &apos;2.48.2&apos;, revision: &apos;41bccdd&apos;, time: &apos;2015-10-09 19:55:52&apos;
System info: host: &apos;sajid-pc&apos;, ip: &apos;10.251.81.98&apos;, os.name: &apos;Windows 8.1&apos;, os.arch: &apos;amd64&apos;, os.version: &apos;6.3&apos;, java.version: &apos;1.8.0_65&apos;
Driver info: org.openqa.selenium.firefox.FirefoxDriver
Capabilities [{applicationCacheEnabled=true, rotatable=false, handlesAlerts=true, databaseEnabled=true, version=42.0, platform=WINDOWS, nativeEvents=false, acceptSslCerts=true, webStorageEnabled=true, locationContextEnabled=true, browserName=firefox, takesScreenshot=true, javascriptEnabled=true, cssSelectorsEnabled=true}]
Session ID: ac6ffd5f-937b-4979-83d6-e5d637da8f1a
*** Element info: {Using=link text, value=Home}
	at java.lang.reflect.Constructor.newInstance(Constructor.java:422)
	at org.openqa.selenium.remote.ErrorHandler.createThrowable(ErrorHandler.java:206)
	at org.openqa.selenium.remote.ErrorHandler.throwIfResponseFailed(ErrorHandler.java:158)
	at org.openqa.selenium.remote.RemoteWebDriver.execute(RemoteWebDriver.java:647)
	at org.openqa.selenium.remote.RemoteWebDriver.findElement(RemoteWebDriver.java:353)
	at org.openqa.selenium.remote.RemoteWebDriver.findElementByLinkText(RemoteWebDriver.java:418)
	at org.openqa.selenium.By$ByLinkText.findElement(By.java:246)
	at org.openqa.selenium.remote.RemoteWebDriver.findElement(RemoteWebDriver.java:345)
	at mypackage.deccan.testDeccan(deccan.java:30)
Caused by: org.openqa.selenium.NoSuchElementException: Unable to locate element: {&quot;method&quot;:&quot;link text&quot;,&quot;selector&quot;:&quot;Home&quot;}
For documentation on this error, please visit: http://seleniumhq.org/exceptions/no_such_element.html
Build info: version: &apos;2.48.2&apos;, revision: &apos;41bccdd&apos;, time: &apos;2015-10-09 19:55:52&apos;
System info: host: &apos;sajid-pc&apos;, ip: &apos;10.251.81.98&apos;, os.name: &apos;Windows 8.1&apos;, os.arch: &apos;amd64&apos;, os.version: &apos;6.3&apos;, java.version: &apos;1.8.0_65&apos;
Driver info: driver.version: unknown
	at &lt;anonymous class&gt;.FirefoxDriver.prototype.findElementInternal_(file:///C:/Users/Sajid/AppData/Local/Temp/anonymous1343345096947811380webdriver-profile/extensions/fxdriver@googlecode.com/components/driver-component.js:10659)
	at &lt;anonymous class&gt;.fxdriver.Timer.prototype.setTimeout/&lt;.notify(file:///C:/Users/Sajid/AppData/Local/Temp/anonymous1343345096947811380webdriver-profile/extensions/fxdriver@googlecode.com/components/driver-component.js:621)
</error>
  </testcase>
  <system-out><![CDATA[]]></system-out>
  <system-err><![CDATA[]]></system-err>
</testsuite>
